                                 Started job on |	Dec 17 01:26:20
                             Started mapping on |	Dec 17 01:29:37
                                    Finished on |	Dec 17 01:33:46
       Mapping speed, Million of reads per hour |	254.86

                          Number of input reads |	17627503
                      Average input read length |	262
                                    UNIQUE READS:
                   Uniquely mapped reads number |	15591157
                        Uniquely mapped reads % |	88.45%
                          Average mapped length |	261.23
                       Number of splices: Total |	8954341
            Number of splices: Annotated (sjdb) |	8773591
                       Number of splices: GT/AG |	8797470
                       Number of splices: GC/AG |	70299
                       Number of splices: AT/AC |	9345
               Number of splices: Non-canonical |	77227
                      Mismatch rate per base, % |	0.42%
                         Deletion rate per base |	0.02%
                        Deletion average length |	1.90
                        Insertion rate per base |	0.01%
                       Insertion average length |	1.63
                             MULTI-MAPPING READS:
        Number of reads mapped to multiple loci |	821595
             % of reads mapped to multiple loci |	4.66%
        Number of reads mapped to too many loci |	63477
             % of reads mapped to too many loci |	0.36%
                                  UNMAPPED READS:
  Number of reads unmapped: too many mismatches |	0
       % of reads unmapped: too many mismatches |	0.00%
            Number of reads unmapped: too short |	1057400
                 % of reads unmapped: too short |	6.00%
                Number of reads unmapped: other |	93874
                     % of reads unmapped: other |	0.53%
                                  CHIMERIC READS:
                       Number of chimeric reads |	0
                            % of chimeric reads |	0.00%
