                                 Started job on |	Dec 17 01:59:53
                             Started mapping on |	Dec 17 02:03:47
                                    Finished on |	Dec 17 02:09:01
       Mapping speed, Million of reads per hour |	179.87

                          Number of input reads |	15688750
                      Average input read length |	265
                                    UNIQUE READS:
                   Uniquely mapped reads number |	13750959
                        Uniquely mapped reads % |	87.65%
                          Average mapped length |	264.58
                       Number of splices: Total |	7599746
            Number of splices: Annotated (sjdb) |	7445737
                       Number of splices: GT/AG |	7466076
                       Number of splices: GC/AG |	59972
                       Number of splices: AT/AC |	8528
               Number of splices: Non-canonical |	65170
                      Mismatch rate per base, % |	0.51%
                         Deletion rate per base |	0.02%
                        Deletion average length |	1.97
                        Insertion rate per base |	0.02%
                       Insertion average length |	1.64
                             MULTI-MAPPING READS:
        Number of reads mapped to multiple loci |	735434
             % of reads mapped to multiple loci |	4.69%
        Number of reads mapped to too many loci |	45349
             % of reads mapped to too many loci |	0.29%
                                  UNMAPPED READS:
  Number of reads unmapped: too many mismatches |	0
       % of reads unmapped: too many mismatches |	0.00%
            Number of reads unmapped: too short |	1091102
                 % of reads unmapped: too short |	6.95%
                Number of reads unmapped: other |	65906
                     % of reads unmapped: other |	0.42%
                                  CHIMERIC READS:
                       Number of chimeric reads |	0
                            % of chimeric reads |	0.00%
