                                 Started job on |	Dec 17 01:33:56
                             Started mapping on |	Dec 17 01:37:16
                                    Finished on |	Dec 17 01:40:42
       Mapping speed, Million of reads per hour |	260.55

                          Number of input reads |	14909483
                      Average input read length |	254
                                    UNIQUE READS:
                   Uniquely mapped reads number |	12880427
                        Uniquely mapped reads % |	86.39%
                          Average mapped length |	254.32
                       Number of splices: Total |	7092406
            Number of splices: Annotated (sjdb) |	6947508
                       Number of splices: GT/AG |	6967048
                       Number of splices: GC/AG |	56070
                       Number of splices: AT/AC |	7554
               Number of splices: Non-canonical |	61734
                      Mismatch rate per base, % |	0.46%
                         Deletion rate per base |	0.02%
                        Deletion average length |	1.98
                        Insertion rate per base |	0.02%
                       Insertion average length |	1.64
                             MULTI-MAPPING READS:
        Number of reads mapped to multiple loci |	789250
             % of reads mapped to multiple loci |	5.29%
        Number of reads mapped to too many loci |	47779
             % of reads mapped to too many loci |	0.32%
                                  UNMAPPED READS:
  Number of reads unmapped: too many mismatches |	0
       % of reads unmapped: too many mismatches |	0.00%
            Number of reads unmapped: too short |	1131877
                 % of reads unmapped: too short |	7.59%
                Number of reads unmapped: other |	60150
                     % of reads unmapped: other |	0.40%
                                  CHIMERIC READS:
                       Number of chimeric reads |	0
                            % of chimeric reads |	0.00%
