                                 Started job on |	Dec 17 01:47:39
                             Started mapping on |	Dec 17 01:51:52
                                    Finished on |	Dec 17 01:59:41
       Mapping speed, Million of reads per hour |	169.15

                          Number of input reads |	22036109
                      Average input read length |	270
                                    UNIQUE READS:
                   Uniquely mapped reads number |	19320548
                        Uniquely mapped reads % |	87.68%
                          Average mapped length |	269.62
                       Number of splices: Total |	11644091
            Number of splices: Annotated (sjdb) |	11422128
                       Number of splices: GT/AG |	11444196
                       Number of splices: GC/AG |	92596
                       Number of splices: AT/AC |	12386
               Number of splices: Non-canonical |	94913
                      Mismatch rate per base, % |	0.51%
                         Deletion rate per base |	0.02%
                        Deletion average length |	2.01
                        Insertion rate per base |	0.02%
                       Insertion average length |	1.63
                             MULTI-MAPPING READS:
        Number of reads mapped to multiple loci |	982908
             % of reads mapped to multiple loci |	4.46%
        Number of reads mapped to too many loci |	55193
             % of reads mapped to too many loci |	0.25%
                                  UNMAPPED READS:
  Number of reads unmapped: too many mismatches |	0
       % of reads unmapped: too many mismatches |	0.00%
            Number of reads unmapped: too short |	1610274
                 % of reads unmapped: too short |	7.31%
                Number of reads unmapped: other |	67186
                     % of reads unmapped: other |	0.30%
                                  CHIMERIC READS:
                       Number of chimeric reads |	0
                            % of chimeric reads |	0.00%
