                                 Started job on |	Dec 17 03:49:21
                             Started mapping on |	Dec 17 03:53:22
                                    Finished on |	Dec 17 03:57:18
       Mapping speed, Million of reads per hour |	167.15

                          Number of input reads |	10957387
                      Average input read length |	253
                                    UNIQUE READS:
                   Uniquely mapped reads number |	9480490
                        Uniquely mapped reads % |	86.52%
                          Average mapped length |	253.20
                       Number of splices: Total |	5380324
            Number of splices: Annotated (sjdb) |	5273354
                       Number of splices: GT/AG |	5286246
                       Number of splices: GC/AG |	42460
                       Number of splices: AT/AC |	5695
               Number of splices: Non-canonical |	45923
                      Mismatch rate per base, % |	0.45%
                         Deletion rate per base |	0.02%
                        Deletion average length |	2.00
                        Insertion rate per base |	0.02%
                       Insertion average length |	1.65
                             MULTI-MAPPING READS:
        Number of reads mapped to multiple loci |	588324
             % of reads mapped to multiple loci |	5.37%
        Number of reads mapped to too many loci |	34928
             % of reads mapped to too many loci |	0.32%
                                  UNMAPPED READS:
  Number of reads unmapped: too many mismatches |	0
       % of reads unmapped: too many mismatches |	0.00%
            Number of reads unmapped: too short |	809070
                 % of reads unmapped: too short |	7.38%
                Number of reads unmapped: other |	44575
                     % of reads unmapped: other |	0.41%
                                  CHIMERIC READS:
                       Number of chimeric reads |	0
                            % of chimeric reads |	0.00%
