                                 Started job on |	Dec 17 01:17:59
                             Started mapping on |	Dec 17 01:21:27
                                    Finished on |	Dec 17 01:26:11
       Mapping speed, Million of reads per hour |	276.56

                          Number of input reads |	21817480
                      Average input read length |	264
                                    UNIQUE READS:
                   Uniquely mapped reads number |	19377709
                        Uniquely mapped reads % |	88.82%
                          Average mapped length |	263.32
                       Number of splices: Total |	11100600
            Number of splices: Annotated (sjdb) |	10871315
                       Number of splices: GT/AG |	10894377
                       Number of splices: GC/AG |	90142
                       Number of splices: AT/AC |	12173
               Number of splices: Non-canonical |	103908
                      Mismatch rate per base, % |	0.50%
                         Deletion rate per base |	0.02%
                        Deletion average length |	1.83
                        Insertion rate per base |	0.02%
                       Insertion average length |	1.68
                             MULTI-MAPPING READS:
        Number of reads mapped to multiple loci |	928798
             % of reads mapped to multiple loci |	4.26%
        Number of reads mapped to too many loci |	49842
             % of reads mapped to too many loci |	0.23%
                                  UNMAPPED READS:
  Number of reads unmapped: too many mismatches |	0
       % of reads unmapped: too many mismatches |	0.00%
            Number of reads unmapped: too short |	1400585
                 % of reads unmapped: too short |	6.42%
                Number of reads unmapped: other |	60546
                     % of reads unmapped: other |	0.28%
                                  CHIMERIC READS:
                       Number of chimeric reads |	0
                            % of chimeric reads |	0.00%
