                                 Started job on |	Dec 17 02:40:23
                             Started mapping on |	Dec 17 02:44:26
                                    Finished on |	Dec 17 02:52:17
       Mapping speed, Million of reads per hour |	172.72

                          Number of input reads |	22597657
                      Average input read length |	267
                                    UNIQUE READS:
                   Uniquely mapped reads number |	19905041
                        Uniquely mapped reads % |	88.08%
                          Average mapped length |	267.21
                       Number of splices: Total |	11671782
            Number of splices: Annotated (sjdb) |	11443091
                       Number of splices: GT/AG |	11468275
                       Number of splices: GC/AG |	92873
                       Number of splices: AT/AC |	12514
               Number of splices: Non-canonical |	98120
                      Mismatch rate per base, % |	0.43%
                         Deletion rate per base |	0.02%
                        Deletion average length |	2.05
                        Insertion rate per base |	0.01%
                       Insertion average length |	1.57
                             MULTI-MAPPING READS:
        Number of reads mapped to multiple loci |	1107099
             % of reads mapped to multiple loci |	4.90%
        Number of reads mapped to too many loci |	57141
             % of reads mapped to too many loci |	0.25%
                                  UNMAPPED READS:
  Number of reads unmapped: too many mismatches |	0
       % of reads unmapped: too many mismatches |	0.00%
            Number of reads unmapped: too short |	1456984
                 % of reads unmapped: too short |	6.45%
                Number of reads unmapped: other |	71392
                     % of reads unmapped: other |	0.32%
                                  CHIMERIC READS:
                       Number of chimeric reads |	0
                            % of chimeric reads |	0.00%
