                                 Started job on |	Dec 17 02:30:53
                             Started mapping on |	Dec 17 02:34:57
                                    Finished on |	Dec 17 02:40:12
       Mapping speed, Million of reads per hour |	157.48

                          Number of input reads |	13779386
                      Average input read length |	267
                                    UNIQUE READS:
                   Uniquely mapped reads number |	12054737
                        Uniquely mapped reads % |	87.48%
                          Average mapped length |	266.47
                       Number of splices: Total |	7328762
            Number of splices: Annotated (sjdb) |	7194583
                       Number of splices: GT/AG |	7207767
                       Number of splices: GC/AG |	58040
                       Number of splices: AT/AC |	7686
               Number of splices: Non-canonical |	55269
                      Mismatch rate per base, % |	0.50%
                         Deletion rate per base |	0.02%
                        Deletion average length |	1.96
                        Insertion rate per base |	0.02%
                       Insertion average length |	1.72
                             MULTI-MAPPING READS:
        Number of reads mapped to multiple loci |	664893
             % of reads mapped to multiple loci |	4.83%
        Number of reads mapped to too many loci |	36893
             % of reads mapped to too many loci |	0.27%
                                  UNMAPPED READS:
  Number of reads unmapped: too many mismatches |	0
       % of reads unmapped: too many mismatches |	0.00%
            Number of reads unmapped: too short |	974916
                 % of reads unmapped: too short |	7.08%
                Number of reads unmapped: other |	47947
                     % of reads unmapped: other |	0.35%
                                  CHIMERIC READS:
                       Number of chimeric reads |	0
                            % of chimeric reads |	0.00%
