                                 Started job on |	Dec 17 02:52:34
                             Started mapping on |	Dec 17 02:56:46
                                    Finished on |	Dec 17 03:05:47
       Mapping speed, Million of reads per hour |	170.19

                          Number of input reads |	25576212
                      Average input read length |	267
                                    UNIQUE READS:
                   Uniquely mapped reads number |	22245484
                        Uniquely mapped reads % |	86.98%
                          Average mapped length |	266.60
                       Number of splices: Total |	13147801
            Number of splices: Annotated (sjdb) |	12876506
                       Number of splices: GT/AG |	12915113
                       Number of splices: GC/AG |	104412
                       Number of splices: AT/AC |	14314
               Number of splices: Non-canonical |	113962
                      Mismatch rate per base, % |	0.44%
                         Deletion rate per base |	0.02%
                        Deletion average length |	2.02
                        Insertion rate per base |	0.01%
                       Insertion average length |	1.61
                             MULTI-MAPPING READS:
        Number of reads mapped to multiple loci |	1268674
             % of reads mapped to multiple loci |	4.96%
        Number of reads mapped to too many loci |	78654
             % of reads mapped to too many loci |	0.31%
                                  UNMAPPED READS:
  Number of reads unmapped: too many mismatches |	0
       % of reads unmapped: too many mismatches |	0.00%
            Number of reads unmapped: too short |	1866805
                 % of reads unmapped: too short |	7.30%
                Number of reads unmapped: other |	116595
                     % of reads unmapped: other |	0.46%
                                  CHIMERIC READS:
                       Number of chimeric reads |	0
                            % of chimeric reads |	0.00%
