                                 Started job on |	Dec 17 03:15:12
                             Started mapping on |	Dec 17 03:19:25
                                    Finished on |	Dec 17 03:29:03
       Mapping speed, Million of reads per hour |	162.74

                          Number of input reads |	26128540
                      Average input read length |	264
                                    UNIQUE READS:
                   Uniquely mapped reads number |	22455926
                        Uniquely mapped reads % |	85.94%
                          Average mapped length |	263.16
                       Number of splices: Total |	12825105
            Number of splices: Annotated (sjdb) |	12564380
                       Number of splices: GT/AG |	12600423
                       Number of splices: GC/AG |	100213
                       Number of splices: AT/AC |	13706
               Number of splices: Non-canonical |	110763
                      Mismatch rate per base, % |	0.52%
                         Deletion rate per base |	0.02%
                        Deletion average length |	2.01
                        Insertion rate per base |	0.02%
                       Insertion average length |	1.61
                             MULTI-MAPPING READS:
        Number of reads mapped to multiple loci |	1343014
             % of reads mapped to multiple loci |	5.14%
        Number of reads mapped to too many loci |	81377
             % of reads mapped to too many loci |	0.31%
                                  UNMAPPED READS:
  Number of reads unmapped: too many mismatches |	0
       % of reads unmapped: too many mismatches |	0.00%
            Number of reads unmapped: too short |	2129315
                 % of reads unmapped: too short |	8.15%
                Number of reads unmapped: other |	118908
                     % of reads unmapped: other |	0.46%
                                  CHIMERIC READS:
                       Number of chimeric reads |	0
                            % of chimeric reads |	0.00%
