                                 Started job on |	Dec 17 03:29:16
                             Started mapping on |	Dec 17 03:33:30
                                    Finished on |	Dec 17 03:38:23
       Mapping speed, Million of reads per hour |	179.59

                          Number of input reads |	14616794
                      Average input read length |	273
                                    UNIQUE READS:
                   Uniquely mapped reads number |	12910172
                        Uniquely mapped reads % |	88.32%
                          Average mapped length |	272.50
                       Number of splices: Total |	7994825
            Number of splices: Annotated (sjdb) |	7839118
                       Number of splices: GT/AG |	7857742
                       Number of splices: GC/AG |	63617
                       Number of splices: AT/AC |	8663
               Number of splices: Non-canonical |	64803
                      Mismatch rate per base, % |	0.44%
                         Deletion rate per base |	0.02%
                        Deletion average length |	2.00
                        Insertion rate per base |	0.01%
                       Insertion average length |	1.63
                             MULTI-MAPPING READS:
        Number of reads mapped to multiple loci |	632037
             % of reads mapped to multiple loci |	4.32%
        Number of reads mapped to too many loci |	34452
             % of reads mapped to too many loci |	0.24%
                                  UNMAPPED READS:
  Number of reads unmapped: too many mismatches |	0
       % of reads unmapped: too many mismatches |	0.00%
            Number of reads unmapped: too short |	996544
                 % of reads unmapped: too short |	6.82%
                Number of reads unmapped: other |	43589
                     % of reads unmapped: other |	0.30%
                                  CHIMERIC READS:
                       Number of chimeric reads |	0
                            % of chimeric reads |	0.00%
