                                 Started job on |	Dec 17 02:09:12
                             Started mapping on |	Dec 17 02:13:14
                                    Finished on |	Dec 17 02:21:46
       Mapping speed, Million of reads per hour |	192.28

                          Number of input reads |	27346210
                      Average input read length |	263
                                    UNIQUE READS:
                   Uniquely mapped reads number |	23959009
                        Uniquely mapped reads % |	87.61%
                          Average mapped length |	263.23
                       Number of splices: Total |	13837960
            Number of splices: Annotated (sjdb) |	13564967
                       Number of splices: GT/AG |	13595780
                       Number of splices: GC/AG |	109137
                       Number of splices: AT/AC |	14707
               Number of splices: Non-canonical |	118336
                      Mismatch rate per base, % |	0.48%
                         Deletion rate per base |	0.02%
                        Deletion average length |	2.05
                        Insertion rate per base |	0.02%
                       Insertion average length |	1.61
                             MULTI-MAPPING READS:
        Number of reads mapped to multiple loci |	1329642
             % of reads mapped to multiple loci |	4.86%
        Number of reads mapped to too many loci |	67287
             % of reads mapped to too many loci |	0.25%
                                  UNMAPPED READS:
  Number of reads unmapped: too many mismatches |	0
       % of reads unmapped: too many mismatches |	0.00%
            Number of reads unmapped: too short |	1913302
                 % of reads unmapped: too short |	7.00%
                Number of reads unmapped: other |	76970
                     % of reads unmapped: other |	0.28%
                                  CHIMERIC READS:
                       Number of chimeric reads |	0
                            % of chimeric reads |	0.00%
