                                 Started job on |	Dec 17 00:25:02
                             Started mapping on |	Dec 17 00:28:23
                                    Finished on |	Dec 17 00:33:32
       Mapping speed, Million of reads per hour |	181.40

                          Number of input reads |	15570223
                      Average input read length |	263
                                    UNIQUE READS:
                   Uniquely mapped reads number |	12007094
                        Uniquely mapped reads % |	77.12%
                          Average mapped length |	264.14
                       Number of splices: Total |	6848273
            Number of splices: Annotated (sjdb) |	6711628
                       Number of splices: GT/AG |	6726543
                       Number of splices: GC/AG |	52939
                       Number of splices: AT/AC |	7314
               Number of splices: Non-canonical |	61477
                      Mismatch rate per base, % |	0.53%
                         Deletion rate per base |	0.02%
                        Deletion average length |	1.95
                        Insertion rate per base |	0.03%
                       Insertion average length |	2.10
                             MULTI-MAPPING READS:
        Number of reads mapped to multiple loci |	1223811
             % of reads mapped to multiple loci |	7.86%
        Number of reads mapped to too many loci |	32967
             % of reads mapped to too many loci |	0.21%
                                  UNMAPPED READS:
  Number of reads unmapped: too many mismatches |	0
       % of reads unmapped: too many mismatches |	0.00%
            Number of reads unmapped: too short |	2272139
                 % of reads unmapped: too short |	14.59%
                Number of reads unmapped: other |	34212
                     % of reads unmapped: other |	0.22%
                                  CHIMERIC READS:
                       Number of chimeric reads |	0
                            % of chimeric reads |	0.00%
