                                 Started job on |	Dec 17 00:05:43
                             Started mapping on |	Dec 17 00:09:54
                                    Finished on |	Dec 17 00:14:30
       Mapping speed, Million of reads per hour |	178.45

                          Number of input reads |	13681041
                      Average input read length |	259
                                    UNIQUE READS:
                   Uniquely mapped reads number |	10925659
                        Uniquely mapped reads % |	79.86%
                          Average mapped length |	260.16
                       Number of splices: Total |	5969458
            Number of splices: Annotated (sjdb) |	5848045
                       Number of splices: GT/AG |	5860544
                       Number of splices: GC/AG |	47267
                       Number of splices: AT/AC |	6626
               Number of splices: Non-canonical |	55021
                      Mismatch rate per base, % |	0.42%
                         Deletion rate per base |	0.02%
                        Deletion average length |	1.80
                        Insertion rate per base |	0.03%
                       Insertion average length |	1.88
                             MULTI-MAPPING READS:
        Number of reads mapped to multiple loci |	971792
             % of reads mapped to multiple loci |	7.10%
        Number of reads mapped to too many loci |	34325
             % of reads mapped to too many loci |	0.25%
                                  UNMAPPED READS:
  Number of reads unmapped: too many mismatches |	0
       % of reads unmapped: too many mismatches |	0.00%
            Number of reads unmapped: too short |	1703697
                 % of reads unmapped: too short |	12.45%
                Number of reads unmapped: other |	45568
                     % of reads unmapped: other |	0.33%
                                  CHIMERIC READS:
                       Number of chimeric reads |	0
                            % of chimeric reads |	0.00%
