                                 Started job on |	Dec 16 23:42:52
                             Started mapping on |	Dec 16 23:46:59
                                    Finished on |	Dec 16 23:52:43
       Mapping speed, Million of reads per hour |	156.32

                          Number of input reads |	14936780
                      Average input read length |	259
                                    UNIQUE READS:
                   Uniquely mapped reads number |	11924493
                        Uniquely mapped reads % |	79.83%
                          Average mapped length |	259.66
                       Number of splices: Total |	6776112
            Number of splices: Annotated (sjdb) |	6641135
                       Number of splices: GT/AG |	6654732
                       Number of splices: GC/AG |	53273
                       Number of splices: AT/AC |	7197
               Number of splices: Non-canonical |	60910
                      Mismatch rate per base, % |	0.51%
                         Deletion rate per base |	0.02%
                        Deletion average length |	1.81
                        Insertion rate per base |	0.02%
                       Insertion average length |	1.94
                             MULTI-MAPPING READS:
        Number of reads mapped to multiple loci |	1115985
             % of reads mapped to multiple loci |	7.47%
        Number of reads mapped to too many loci |	36969
             % of reads mapped to too many loci |	0.25%
                                  UNMAPPED READS:
  Number of reads unmapped: too many mismatches |	0
       % of reads unmapped: too many mismatches |	0.00%
            Number of reads unmapped: too short |	1816532
                 % of reads unmapped: too short |	12.16%
                Number of reads unmapped: other |	42801
                     % of reads unmapped: other |	0.29%
                                  CHIMERIC READS:
                       Number of chimeric reads |	0
                            % of chimeric reads |	0.00%
