                                 Started job on |	Dec 17 01:12:44
                             Started mapping on |	Dec 17 01:16:07
                                    Finished on |	Dec 17 01:17:50
       Mapping speed, Million of reads per hour |	215.47

                          Number of input reads |	6164700
                      Average input read length |	253
                                    UNIQUE READS:
                   Uniquely mapped reads number |	4824796
                        Uniquely mapped reads % |	78.26%
                          Average mapped length |	253.11
                       Number of splices: Total |	2675983
            Number of splices: Annotated (sjdb) |	2624555
                       Number of splices: GT/AG |	2628924
                       Number of splices: GC/AG |	21056
                       Number of splices: AT/AC |	2788
               Number of splices: Non-canonical |	23215
                      Mismatch rate per base, % |	0.62%
                         Deletion rate per base |	0.02%
                        Deletion average length |	1.91
                        Insertion rate per base |	0.02%
                       Insertion average length |	1.99
                             MULTI-MAPPING READS:
        Number of reads mapped to multiple loci |	521677
             % of reads mapped to multiple loci |	8.46%
        Number of reads mapped to too many loci |	14696
             % of reads mapped to too many loci |	0.24%
                                  UNMAPPED READS:
  Number of reads unmapped: too many mismatches |	0
       % of reads unmapped: too many mismatches |	0.00%
            Number of reads unmapped: too short |	789210
                 % of reads unmapped: too short |	12.80%
                Number of reads unmapped: other |	14321
                     % of reads unmapped: other |	0.23%
                                  CHIMERIC READS:
                       Number of chimeric reads |	0
                            % of chimeric reads |	0.00%
