                                 Started job on |	Dec 17 01:07:09
                             Started mapping on |	Dec 17 01:10:31
                                    Finished on |	Dec 17 01:12:33
       Mapping speed, Million of reads per hour |	223.67

                          Number of input reads |	7579963
                      Average input read length |	265
                                    UNIQUE READS:
                   Uniquely mapped reads number |	6183450
                        Uniquely mapped reads % |	81.58%
                          Average mapped length |	264.43
                       Number of splices: Total |	3504385
            Number of splices: Annotated (sjdb) |	3436710
                       Number of splices: GT/AG |	3443231
                       Number of splices: GC/AG |	27669
                       Number of splices: AT/AC |	3663
               Number of splices: Non-canonical |	29822
                      Mismatch rate per base, % |	0.63%
                         Deletion rate per base |	0.02%
                        Deletion average length |	1.87
                        Insertion rate per base |	0.02%
                       Insertion average length |	1.93
                             MULTI-MAPPING READS:
        Number of reads mapped to multiple loci |	534113
             % of reads mapped to multiple loci |	7.05%
        Number of reads mapped to too many loci |	16045
             % of reads mapped to too many loci |	0.21%
                                  UNMAPPED READS:
  Number of reads unmapped: too many mismatches |	0
       % of reads unmapped: too many mismatches |	0.00%
            Number of reads unmapped: too short |	829384
                 % of reads unmapped: too short |	10.94%
                Number of reads unmapped: other |	16971
                     % of reads unmapped: other |	0.22%
                                  CHIMERIC READS:
                       Number of chimeric reads |	0
                            % of chimeric reads |	0.00%
