                                 Started job on |	Dec 16 23:52:54
                             Started mapping on |	Dec 16 23:57:00
                                    Finished on |	Dec 17 00:05:32
       Mapping speed, Million of reads per hour |	167.36

                          Number of input reads |	23801618
                      Average input read length |	257
                                    UNIQUE READS:
                   Uniquely mapped reads number |	18950875
                        Uniquely mapped reads % |	79.62%
                          Average mapped length |	256.63
                       Number of splices: Total |	10626851
            Number of splices: Annotated (sjdb) |	10419852
                       Number of splices: GT/AG |	10442088
                       Number of splices: GC/AG |	81882
                       Number of splices: AT/AC |	10984
               Number of splices: Non-canonical |	91897
                      Mismatch rate per base, % |	0.60%
                         Deletion rate per base |	0.02%
                        Deletion average length |	1.92
                        Insertion rate per base |	0.03%
                       Insertion average length |	1.96
                             MULTI-MAPPING READS:
        Number of reads mapped to multiple loci |	1860440
             % of reads mapped to multiple loci |	7.82%
        Number of reads mapped to too many loci |	53094
             % of reads mapped to too many loci |	0.22%
                                  UNMAPPED READS:
  Number of reads unmapped: too many mismatches |	0
       % of reads unmapped: too many mismatches |	0.00%
            Number of reads unmapped: too short |	2880685
                 % of reads unmapped: too short |	12.10%
                Number of reads unmapped: other |	56524
                     % of reads unmapped: other |	0.24%
                                  CHIMERIC READS:
                       Number of chimeric reads |	0
                            % of chimeric reads |	0.00%
