                                 Started job on |	Dec 16 23:23:46
                             Started mapping on |	Dec 16 23:27:57
                                    Finished on |	Dec 16 23:33:57
       Mapping speed, Million of reads per hour |	155.66

                          Number of input reads |	15565617
                      Average input read length |	262
                                    UNIQUE READS:
                   Uniquely mapped reads number |	12297227
                        Uniquely mapped reads % |	79.00%
                          Average mapped length |	263.18
                       Number of splices: Total |	7186066
            Number of splices: Annotated (sjdb) |	7045452
                       Number of splices: GT/AG |	7059154
                       Number of splices: GC/AG |	56209
                       Number of splices: AT/AC |	7624
               Number of splices: Non-canonical |	63079
                      Mismatch rate per base, % |	0.51%
                         Deletion rate per base |	0.02%
                        Deletion average length |	1.90
                        Insertion rate per base |	0.03%
                       Insertion average length |	2.04
                             MULTI-MAPPING READS:
        Number of reads mapped to multiple loci |	1206817
             % of reads mapped to multiple loci |	7.75%
        Number of reads mapped to too many loci |	33772
             % of reads mapped to too many loci |	0.22%
                                  UNMAPPED READS:
  Number of reads unmapped: too many mismatches |	0
       % of reads unmapped: too many mismatches |	0.00%
            Number of reads unmapped: too short |	1992239
                 % of reads unmapped: too short |	12.80%
                Number of reads unmapped: other |	35562
                     % of reads unmapped: other |	0.23%
                                  CHIMERIC READS:
                       Number of chimeric reads |	0
                            % of chimeric reads |	0.00%
