                                 Started job on |	Dec 16 21:41:25
                             Started mapping on |	Dec 16 21:45:22
                                    Finished on |	Dec 16 21:52:23
       Mapping speed, Million of reads per hour |	188.39

                          Number of input reads |	22030761
                      Average input read length |	271
                                    UNIQUE READS:
                   Uniquely mapped reads number |	19281990
                        Uniquely mapped reads % |	87.52%
                          Average mapped length |	269.89
                       Number of splices: Total |	11634880
            Number of splices: Annotated (sjdb) |	11413178
                       Number of splices: GT/AG |	11435220
                       Number of splices: GC/AG |	92533
                       Number of splices: AT/AC |	12371
               Number of splices: Non-canonical |	94756
                      Mismatch rate per base, % |	0.50%
                         Deletion rate per base |	0.02%
                        Deletion average length |	2.01
                        Insertion rate per base |	0.02%
                       Insertion average length |	1.63
                             MULTI-MAPPING READS:
        Number of reads mapped to multiple loci |	978196
             % of reads mapped to multiple loci |	4.44%
        Number of reads mapped to too many loci |	54828
             % of reads mapped to too many loci |	0.25%
                                  UNMAPPED READS:
  Number of reads unmapped: too many mismatches |	0
       % of reads unmapped: too many mismatches |	0.00%
            Number of reads unmapped: too short |	1649159
                 % of reads unmapped: too short |	7.49%
                Number of reads unmapped: other |	66588
                     % of reads unmapped: other |	0.30%
                                  CHIMERIC READS:
                       Number of chimeric reads |	0
                            % of chimeric reads |	0.00%
