                                 Started job on |	Dec 16 22:41:57
                             Started mapping on |	Dec 16 22:45:51
                                    Finished on |	Dec 16 22:54:16
       Mapping speed, Million of reads per hour |	182.29

                          Number of input reads |	25570850
                      Average input read length |	267
                                    UNIQUE READS:
                   Uniquely mapped reads number |	22197046
                        Uniquely mapped reads % |	86.81%
                          Average mapped length |	266.91
                       Number of splices: Total |	13137291
            Number of splices: Annotated (sjdb) |	12866369
                       Number of splices: GT/AG |	12904896
                       Number of splices: GC/AG |	104331
                       Number of splices: AT/AC |	14303
               Number of splices: Non-canonical |	113761
                      Mismatch rate per base, % |	0.44%
                         Deletion rate per base |	0.02%
                        Deletion average length |	2.02
                        Insertion rate per base |	0.01%
                       Insertion average length |	1.61
                             MULTI-MAPPING READS:
        Number of reads mapped to multiple loci |	1261917
             % of reads mapped to multiple loci |	4.93%
        Number of reads mapped to too many loci |	78014
             % of reads mapped to too many loci |	0.31%
                                  UNMAPPED READS:
  Number of reads unmapped: too many mismatches |	0
       % of reads unmapped: too many mismatches |	0.00%
            Number of reads unmapped: too short |	1918414
                 % of reads unmapped: too short |	7.50%
                Number of reads unmapped: other |	115459
                     % of reads unmapped: other |	0.45%
                                  CHIMERIC READS:
                       Number of chimeric reads |	0
                            % of chimeric reads |	0.00%
