                                 Started job on |	Dec 16 22:04:56
                             Started mapping on |	Dec 16 22:08:53
                                    Finished on |	Dec 16 22:14:00
       Mapping speed, Million of reads per hour |	183.92

                          Number of input reads |	15684699
                      Average input read length |	266
                                    UNIQUE READS:
                   Uniquely mapped reads number |	13722040
                        Uniquely mapped reads % |	87.49%
                          Average mapped length |	264.84
                       Number of splices: Total |	7593594
            Number of splices: Annotated (sjdb) |	7439738
                       Number of splices: GT/AG |	7460056
                       Number of splices: GC/AG |	59914
                       Number of splices: AT/AC |	8521
               Number of splices: Non-canonical |	65103
                      Mismatch rate per base, % |	0.51%
                         Deletion rate per base |	0.02%
                        Deletion average length |	1.97
                        Insertion rate per base |	0.02%
                       Insertion average length |	1.64
                             MULTI-MAPPING READS:
        Number of reads mapped to multiple loci |	732218
             % of reads mapped to multiple loci |	4.67%
        Number of reads mapped to too many loci |	45086
             % of reads mapped to too many loci |	0.29%
                                  UNMAPPED READS:
  Number of reads unmapped: too many mismatches |	0
       % of reads unmapped: too many mismatches |	0.00%
            Number of reads unmapped: too short |	1119842
                 % of reads unmapped: too short |	7.14%
                Number of reads unmapped: other |	65513
                     % of reads unmapped: other |	0.42%
                                  CHIMERIC READS:
                       Number of chimeric reads |	0
                            % of chimeric reads |	0.00%
