                                 Started job on |	Dec 16 22:31:11
                             Started mapping on |	Dec 16 22:34:59
                                    Finished on |	Dec 16 22:41:46
       Mapping speed, Million of reads per hour |	199.84

                          Number of input reads |	22592469
                      Average input read length |	268
                                    UNIQUE READS:
                   Uniquely mapped reads number |	19861900
                        Uniquely mapped reads % |	87.91%
                          Average mapped length |	267.52
                       Number of splices: Total |	11662459
            Number of splices: Annotated (sjdb) |	11434098
                       Number of splices: GT/AG |	11459223
                       Number of splices: GC/AG |	92799
                       Number of splices: AT/AC |	12500
               Number of splices: Non-canonical |	97937
                      Mismatch rate per base, % |	0.43%
                         Deletion rate per base |	0.02%
                        Deletion average length |	2.05
                        Insertion rate per base |	0.01%
                       Insertion average length |	1.57
                             MULTI-MAPPING READS:
        Number of reads mapped to multiple loci |	1101122
             % of reads mapped to multiple loci |	4.87%
        Number of reads mapped to too many loci |	56614
             % of reads mapped to too many loci |	0.25%
                                  UNMAPPED READS:
  Number of reads unmapped: too many mismatches |	0
       % of reads unmapped: too many mismatches |	0.00%
            Number of reads unmapped: too short |	1502292
                 % of reads unmapped: too short |	6.65%
                Number of reads unmapped: other |	70541
                     % of reads unmapped: other |	0.31%
                                  CHIMERIC READS:
                       Number of chimeric reads |	0
                            % of chimeric reads |	0.00%
