                                 Started job on |	Dec 16 21:32:58
                             Started mapping on |	Dec 16 21:36:49
                                    Finished on |	Dec 16 21:41:15
       Mapping speed, Million of reads per hour |	191.74

                          Number of input reads |	14167238
                      Average input read length |	258
                                    UNIQUE READS:
                   Uniquely mapped reads number |	12468481
                        Uniquely mapped reads % |	88.01%
                          Average mapped length |	257.35
                       Number of splices: Total |	7562032
            Number of splices: Annotated (sjdb) |	7421215
                       Number of splices: GT/AG |	7436118
                       Number of splices: GC/AG |	59415
                       Number of splices: AT/AC |	8058
               Number of splices: Non-canonical |	58441
                      Mismatch rate per base, % |	0.45%
                         Deletion rate per base |	0.02%
                        Deletion average length |	2.00
                        Insertion rate per base |	0.01%
                       Insertion average length |	1.70
                             MULTI-MAPPING READS:
        Number of reads mapped to multiple loci |	674619
             % of reads mapped to multiple loci |	4.76%
        Number of reads mapped to too many loci |	43153
             % of reads mapped to too many loci |	0.30%
                                  UNMAPPED READS:
  Number of reads unmapped: too many mismatches |	0
       % of reads unmapped: too many mismatches |	0.00%
            Number of reads unmapped: too short |	925120
                 % of reads unmapped: too short |	6.53%
                Number of reads unmapped: other |	55865
                     % of reads unmapped: other |	0.39%
                                  CHIMERIC READS:
                       Number of chimeric reads |	0
                            % of chimeric reads |	0.00%
