                                 Started job on |	Dec 16 22:22:54
                             Started mapping on |	Dec 16 22:26:52
                                    Finished on |	Dec 16 22:30:58
       Mapping speed, Million of reads per hour |	186.70

                          Number of input reads |	12757697
                      Average input read length |	267
                                    UNIQUE READS:
                   Uniquely mapped reads number |	11154701
                        Uniquely mapped reads % |	87.44%
                          Average mapped length |	266.06
                       Number of splices: Total |	6616610
            Number of splices: Annotated (sjdb) |	6487219
                       Number of splices: GT/AG |	6502820
                       Number of splices: GC/AG |	52071
                       Number of splices: AT/AC |	6942
               Number of splices: Non-canonical |	54777
                      Mismatch rate per base, % |	0.46%
                         Deletion rate per base |	0.02%
                        Deletion average length |	1.97
                        Insertion rate per base |	0.02%
                       Insertion average length |	1.63
                             MULTI-MAPPING READS:
        Number of reads mapped to multiple loci |	605979
             % of reads mapped to multiple loci |	4.75%
        Number of reads mapped to too many loci |	34237
             % of reads mapped to too many loci |	0.27%
                                  UNMAPPED READS:
  Number of reads unmapped: too many mismatches |	0
       % of reads unmapped: too many mismatches |	0.00%
            Number of reads unmapped: too short |	921576
                 % of reads unmapped: too short |	7.22%
                Number of reads unmapped: other |	41204
                     % of reads unmapped: other |	0.32%
                                  CHIMERIC READS:
                       Number of chimeric reads |	0
                            % of chimeric reads |	0.00%
