                                 Started job on |	Dec 16 21:22:44
                             Started mapping on |	Dec 16 21:27:13
                                    Finished on |	Dec 16 21:32:50
       Mapping speed, Million of reads per hour |	159.23

                          Number of input reads |	14905566
                      Average input read length |	255
                                    UNIQUE READS:
                   Uniquely mapped reads number |	12839933
                        Uniquely mapped reads % |	86.14%
                          Average mapped length |	254.76
                       Number of splices: Total |	7085143
            Number of splices: Annotated (sjdb) |	6940458
                       Number of splices: GT/AG |	6959955
                       Number of splices: GC/AG |	56023
                       Number of splices: AT/AC |	7552
               Number of splices: Non-canonical |	61613
                      Mismatch rate per base, % |	0.46%
                         Deletion rate per base |	0.02%
                        Deletion average length |	1.98
                        Insertion rate per base |	0.02%
                       Insertion average length |	1.64
                             MULTI-MAPPING READS:
        Number of reads mapped to multiple loci |	783526
             % of reads mapped to multiple loci |	5.26%
        Number of reads mapped to too many loci |	47277
             % of reads mapped to too many loci |	0.32%
                                  UNMAPPED READS:
  Number of reads unmapped: too many mismatches |	0
       % of reads unmapped: too many mismatches |	0.00%
            Number of reads unmapped: too short |	1175490
                 % of reads unmapped: too short |	7.89%
                Number of reads unmapped: other |	59340
                     % of reads unmapped: other |	0.40%
                                  CHIMERIC READS:
                       Number of chimeric reads |	0
                            % of chimeric reads |	0.00%
