                                 Started job on |	Dec 16 21:52:36
                             Started mapping on |	Dec 16 21:56:27
                                    Finished on |	Dec 16 22:04:44
       Mapping speed, Million of reads per hour |	198.04

                          Number of input reads |	27340386
                      Average input read length |	264
                                    UNIQUE READS:
                   Uniquely mapped reads number |	23903827
                        Uniquely mapped reads % |	87.43%
                          Average mapped length |	263.54
                       Number of splices: Total |	13826283
            Number of splices: Annotated (sjdb) |	13553603
                       Number of splices: GT/AG |	13584393
                       Number of splices: GC/AG |	109068
                       Number of splices: AT/AC |	14688
               Number of splices: Non-canonical |	118134
                      Mismatch rate per base, % |	0.47%
                         Deletion rate per base |	0.02%
                        Deletion average length |	2.05
                        Insertion rate per base |	0.02%
                       Insertion average length |	1.61
                             MULTI-MAPPING READS:
        Number of reads mapped to multiple loci |	1322359
             % of reads mapped to multiple loci |	4.84%
        Number of reads mapped to too many loci |	66704
             % of reads mapped to too many loci |	0.24%
                                  UNMAPPED READS:
  Number of reads unmapped: too many mismatches |	0
       % of reads unmapped: too many mismatches |	0.00%
            Number of reads unmapped: too short |	1971383
                 % of reads unmapped: too short |	7.21%
                Number of reads unmapped: other |	76113
                     % of reads unmapped: other |	0.28%
                                  CHIMERIC READS:
                       Number of chimeric reads |	0
                            % of chimeric reads |	0.00%
