                                 Started job on |	Dec 16 23:15:45
                             Started mapping on |	Dec 16 23:19:57
                                    Finished on |	Dec 16 23:23:38
       Mapping speed, Million of reads per hour |	178.46

                          Number of input reads |	10955438
                      Average input read length |	254
                                    UNIQUE READS:
                   Uniquely mapped reads number |	9446813
                        Uniquely mapped reads % |	86.23%
                          Average mapped length |	253.71
                       Number of splices: Total |	5374179
            Number of splices: Annotated (sjdb) |	5267423
                       Number of splices: GT/AG |	5280269
                       Number of splices: GC/AG |	42421
                       Number of splices: AT/AC |	5691
               Number of splices: Non-canonical |	45798
                      Mismatch rate per base, % |	0.45%
                         Deletion rate per base |	0.02%
                        Deletion average length |	2.00
                        Insertion rate per base |	0.02%
                       Insertion average length |	1.65
                             MULTI-MAPPING READS:
        Number of reads mapped to multiple loci |	583461
             % of reads mapped to multiple loci |	5.33%
        Number of reads mapped to too many loci |	34478
             % of reads mapped to too many loci |	0.31%
                                  UNMAPPED READS:
  Number of reads unmapped: too many mismatches |	0
       % of reads unmapped: too many mismatches |	0.00%
            Number of reads unmapped: too short |	846819
                 % of reads unmapped: too short |	7.73%
                Number of reads unmapped: other |	43867
                     % of reads unmapped: other |	0.40%
                                  CHIMERIC READS:
                       Number of chimeric reads |	0
                            % of chimeric reads |	0.00%
