                                 Started job on |	Dec 16 23:34:09
                             Started mapping on |	Dec 16 23:38:08
                                    Finished on |	Dec 16 23:42:40
       Mapping speed, Million of reads per hour |	193.41

                          Number of input reads |	14612950
                      Average input read length |	274
                                    UNIQUE READS:
                   Uniquely mapped reads number |	12885647
                        Uniquely mapped reads % |	88.18%
                          Average mapped length |	272.77
                       Number of splices: Total |	7988687
            Number of splices: Annotated (sjdb) |	7833158
                       Number of splices: GT/AG |	7851740
                       Number of splices: GC/AG |	63577
                       Number of splices: AT/AC |	8657
               Number of splices: Non-canonical |	64713
                      Mismatch rate per base, % |	0.44%
                         Deletion rate per base |	0.02%
                        Deletion average length |	2.00
                        Insertion rate per base |	0.01%
                       Insertion average length |	1.63
                             MULTI-MAPPING READS:
        Number of reads mapped to multiple loci |	629096
             % of reads mapped to multiple loci |	4.31%
        Number of reads mapped to too many loci |	34212
             % of reads mapped to too many loci |	0.23%
                                  UNMAPPED READS:
  Number of reads unmapped: too many mismatches |	0
       % of reads unmapped: too many mismatches |	0.00%
            Number of reads unmapped: too short |	1020799
                 % of reads unmapped: too short |	6.99%
                Number of reads unmapped: other |	43196
                     % of reads unmapped: other |	0.30%
                                  CHIMERIC READS:
                       Number of chimeric reads |	0
                            % of chimeric reads |	0.00%
