                                 Started job on |	Nov 26 13:56:24
                             Started mapping on |	Nov 26 14:00:38
                                    Finished on |	Nov 26 14:12:58
       Mapping speed, Million of reads per hour |	119.42

                          Number of input reads |	24547153
                      Average input read length |	300
                                    UNIQUE READS:
                   Uniquely mapped reads number |	17196600
                        Uniquely mapped reads % |	70.06%
                          Average mapped length |	291.37
                       Number of splices: Total |	11284635
            Number of splices: Annotated (sjdb) |	11079360
                       Number of splices: GT/AG |	11096765
                       Number of splices: GC/AG |	89963
                       Number of splices: AT/AC |	12036
               Number of splices: Non-canonical |	85871
                      Mismatch rate per base, % |	0.49%
                         Deletion rate per base |	0.02%
                        Deletion average length |	2.08
                        Insertion rate per base |	0.02%
                       Insertion average length |	1.74
                             MULTI-MAPPING READS:
        Number of reads mapped to multiple loci |	763699
             % of reads mapped to multiple loci |	3.11%
        Number of reads mapped to too many loci |	33099
             % of reads mapped to too many loci |	0.13%
                                  UNMAPPED READS:
  Number of reads unmapped: too many mismatches |	0
       % of reads unmapped: too many mismatches |	0.00%
            Number of reads unmapped: too short |	6507112
                 % of reads unmapped: too short |	26.51%
                Number of reads unmapped: other |	46643
                     % of reads unmapped: other |	0.19%
                                  CHIMERIC READS:
                       Number of chimeric reads |	0
                            % of chimeric reads |	0.00%
