                                 Started job on |	Nov 26 14:49:40
                             Started mapping on |	Nov 26 14:54:02
                                    Finished on |	Nov 26 15:06:21
       Mapping speed, Million of reads per hour |	120.76

                          Number of input reads |	24789327
                      Average input read length |	300
                                    UNIQUE READS:
                   Uniquely mapped reads number |	17299699
                        Uniquely mapped reads % |	69.79%
                          Average mapped length |	291.65
                       Number of splices: Total |	11120163
            Number of splices: Annotated (sjdb) |	10914339
                       Number of splices: GT/AG |	10933609
                       Number of splices: GC/AG |	88066
                       Number of splices: AT/AC |	11908
               Number of splices: Non-canonical |	86580
                      Mismatch rate per base, % |	0.42%
                         Deletion rate per base |	0.02%
                        Deletion average length |	2.16
                        Insertion rate per base |	0.02%
                       Insertion average length |	1.66
                             MULTI-MAPPING READS:
        Number of reads mapped to multiple loci |	842677
             % of reads mapped to multiple loci |	3.40%
        Number of reads mapped to too many loci |	30221
             % of reads mapped to too many loci |	0.12%
                                  UNMAPPED READS:
  Number of reads unmapped: too many mismatches |	0
       % of reads unmapped: too many mismatches |	0.00%
            Number of reads unmapped: too short |	6571260
                 % of reads unmapped: too short |	26.51%
                Number of reads unmapped: other |	45470
                     % of reads unmapped: other |	0.18%
                                  CHIMERIC READS:
                       Number of chimeric reads |	0
                            % of chimeric reads |	0.00%
