                                 Started job on |	Nov 26 13:36:10
                             Started mapping on |	Nov 26 13:40:21
                                    Finished on |	Nov 26 13:56:14
       Mapping speed, Million of reads per hour |	114.18

                          Number of input reads |	30225868
                      Average input read length |	300
                                    UNIQUE READS:
                   Uniquely mapped reads number |	20247852
                        Uniquely mapped reads % |	66.99%
                          Average mapped length |	289.58
                       Number of splices: Total |	12957987
            Number of splices: Annotated (sjdb) |	12717337
                       Number of splices: GT/AG |	12740596
                       Number of splices: GC/AG |	102195
                       Number of splices: AT/AC |	13592
               Number of splices: Non-canonical |	101604
                      Mismatch rate per base, % |	0.46%
                         Deletion rate per base |	0.02%
                        Deletion average length |	2.15
                        Insertion rate per base |	0.02%
                       Insertion average length |	1.73
                             MULTI-MAPPING READS:
        Number of reads mapped to multiple loci |	979990
             % of reads mapped to multiple loci |	3.24%
        Number of reads mapped to too many loci |	37828
             % of reads mapped to too many loci |	0.13%
                                  UNMAPPED READS:
  Number of reads unmapped: too many mismatches |	0
       % of reads unmapped: too many mismatches |	0.00%
            Number of reads unmapped: too short |	8914108
                 % of reads unmapped: too short |	29.49%
                Number of reads unmapped: other |	46090
                     % of reads unmapped: other |	0.15%
                                  CHIMERIC READS:
                       Number of chimeric reads |	0
                            % of chimeric reads |	0.00%
