                                 Started job on |	Nov 26 15:35:37
                             Started mapping on |	Nov 26 15:39:48
                                    Finished on |	Nov 26 15:54:06
       Mapping speed, Million of reads per hour |	122.07

                          Number of input reads |	29093962
                      Average input read length |	300
                                    UNIQUE READS:
                   Uniquely mapped reads number |	19063758
                        Uniquely mapped reads % |	65.52%
                          Average mapped length |	290.41
                       Number of splices: Total |	12133154
            Number of splices: Annotated (sjdb) |	11899776
                       Number of splices: GT/AG |	11928959
                       Number of splices: GC/AG |	94555
                       Number of splices: AT/AC |	12982
               Number of splices: Non-canonical |	96658
                      Mismatch rate per base, % |	0.50%
                         Deletion rate per base |	0.02%
                        Deletion average length |	2.08
                        Insertion rate per base |	0.02%
                       Insertion average length |	1.71
                             MULTI-MAPPING READS:
        Number of reads mapped to multiple loci |	973392
             % of reads mapped to multiple loci |	3.35%
        Number of reads mapped to too many loci |	43034
             % of reads mapped to too many loci |	0.15%
                                  UNMAPPED READS:
  Number of reads unmapped: too many mismatches |	0
       % of reads unmapped: too many mismatches |	0.00%
            Number of reads unmapped: too short |	8927488
                 % of reads unmapped: too short |	30.69%
                Number of reads unmapped: other |	86290
                     % of reads unmapped: other |	0.30%
                                  CHIMERIC READS:
                       Number of chimeric reads |	0
                            % of chimeric reads |	0.00%
