                                 Started job on |	Nov 26 07:44:10
                             Started mapping on |	Nov 26 07:47:38
                                    Finished on |	Nov 26 07:54:14
       Mapping speed, Million of reads per hour |	140.14

                          Number of input reads |	15415235
                      Average input read length |	300
                                    UNIQUE READS:
                   Uniquely mapped reads number |	9845040
                        Uniquely mapped reads % |	63.87%
                          Average mapped length |	288.95
                       Number of splices: Total |	6771041
            Number of splices: Annotated (sjdb) |	6651199
                       Number of splices: GT/AG |	6662487
                       Number of splices: GC/AG |	53215
                       Number of splices: AT/AC |	7138
               Number of splices: Non-canonical |	48201
                      Mismatch rate per base, % |	0.45%
                         Deletion rate per base |	0.02%
                        Deletion average length |	2.06
                        Insertion rate per base |	0.02%
                       Insertion average length |	1.83
                             MULTI-MAPPING READS:
        Number of reads mapped to multiple loci |	432389
             % of reads mapped to multiple loci |	2.80%
        Number of reads mapped to too many loci |	21464
             % of reads mapped to too many loci |	0.14%
                                  UNMAPPED READS:
  Number of reads unmapped: too many mismatches |	0
       % of reads unmapped: too many mismatches |	0.00%
            Number of reads unmapped: too short |	5080708
                 % of reads unmapped: too short |	32.96%
                Number of reads unmapped: other |	35634
                     % of reads unmapped: other |	0.23%
                                  CHIMERIC READS:
                       Number of chimeric reads |	0
                            % of chimeric reads |	0.00%
