                                 Started job on |	Nov 26 08:38:02
                             Started mapping on |	Nov 26 08:41:27
                                    Finished on |	Nov 26 08:47:06
       Mapping speed, Million of reads per hour |	159.25

                          Number of input reads |	14995607
                      Average input read length |	300
                                    UNIQUE READS:
                   Uniquely mapped reads number |	10217418
                        Uniquely mapped reads % |	68.14%
                          Average mapped length |	290.01
                       Number of splices: Total |	6815227
            Number of splices: Annotated (sjdb) |	6695580
                       Number of splices: GT/AG |	6705855
                       Number of splices: GC/AG |	53864
                       Number of splices: AT/AC |	7111
               Number of splices: Non-canonical |	48397
                      Mismatch rate per base, % |	0.50%
                         Deletion rate per base |	0.02%
                        Deletion average length |	2.00
                        Insertion rate per base |	0.02%
                       Insertion average length |	1.83
                             MULTI-MAPPING READS:
        Number of reads mapped to multiple loci |	484391
             % of reads mapped to multiple loci |	3.23%
        Number of reads mapped to too many loci |	21601
             % of reads mapped to too many loci |	0.14%
                                  UNMAPPED READS:
  Number of reads unmapped: too many mismatches |	0
       % of reads unmapped: too many mismatches |	0.00%
            Number of reads unmapped: too short |	4236884
                 % of reads unmapped: too short |	28.25%
                Number of reads unmapped: other |	35313
                     % of reads unmapped: other |	0.24%
                                  CHIMERIC READS:
                       Number of chimeric reads |	0
                            % of chimeric reads |	0.00%
