                                 Started job on |	Nov 26 08:27:57
                             Started mapping on |	Nov 26 08:31:13
                                    Finished on |	Nov 26 08:37:49
       Mapping speed, Million of reads per hour |	154.36

                          Number of input reads |	16979766
                      Average input read length |	300
                                    UNIQUE READS:
                   Uniquely mapped reads number |	11464439
                        Uniquely mapped reads % |	67.52%
                          Average mapped length |	289.62
                       Number of splices: Total |	7010952
            Number of splices: Annotated (sjdb) |	6875293
                       Number of splices: GT/AG |	6891751
                       Number of splices: GC/AG |	55172
                       Number of splices: AT/AC |	7847
               Number of splices: Non-canonical |	56182
                      Mismatch rate per base, % |	0.50%
                         Deletion rate per base |	0.02%
                        Deletion average length |	2.02
                        Insertion rate per base |	0.02%
                       Insertion average length |	1.72
                             MULTI-MAPPING READS:
        Number of reads mapped to multiple loci |	528060
             % of reads mapped to multiple loci |	3.11%
        Number of reads mapped to too many loci |	26028
             % of reads mapped to too many loci |	0.15%
                                  UNMAPPED READS:
  Number of reads unmapped: too many mismatches |	0
       % of reads unmapped: too many mismatches |	0.00%
            Number of reads unmapped: too short |	4913855
                 % of reads unmapped: too short |	28.94%
                Number of reads unmapped: other |	47384
                     % of reads unmapped: other |	0.28%
                                  CHIMERIC READS:
                       Number of chimeric reads |	0
                            % of chimeric reads |	0.00%
