                                 Started job on |	Nov 26 09:59:43
                             Started mapping on |	Nov 26 10:03:49
                                    Finished on |	Nov 26 10:10:35
       Mapping speed, Million of reads per hour |	105.98

                          Number of input reads |	11952262
                      Average input read length |	300
                                    UNIQUE READS:
                   Uniquely mapped reads number |	7284915
                        Uniquely mapped reads % |	60.95%
                          Average mapped length |	289.17
                       Number of splices: Total |	4778826
            Number of splices: Annotated (sjdb) |	4688791
                       Number of splices: GT/AG |	4698782
                       Number of splices: GC/AG |	37472
                       Number of splices: AT/AC |	5013
               Number of splices: Non-canonical |	37559
                      Mismatch rate per base, % |	0.45%
                         Deletion rate per base |	0.02%
                        Deletion average length |	2.06
                        Insertion rate per base |	0.02%
                       Insertion average length |	1.73
                             MULTI-MAPPING READS:
        Number of reads mapped to multiple loci |	359294
             % of reads mapped to multiple loci |	3.01%
        Number of reads mapped to too many loci |	15845
             % of reads mapped to too many loci |	0.13%
                                  UNMAPPED READS:
  Number of reads unmapped: too many mismatches |	0
       % of reads unmapped: too many mismatches |	0.00%
            Number of reads unmapped: too short |	4266733
                 % of reads unmapped: too short |	35.70%
                Number of reads unmapped: other |	25475
                     % of reads unmapped: other |	0.21%
                                  CHIMERIC READS:
                       Number of chimeric reads |	0
                            % of chimeric reads |	0.00%
