                                 Started job on |	Dec 14 20:16:21
                             Started mapping on |	Dec 14 20:20:25
                                    Finished on |	Dec 14 20:29:52
       Mapping speed, Million of reads per hour |	112.11

                          Number of input reads |	17657985
                      Average input read length |	300
                                    UNIQUE READS:
                   Uniquely mapped reads number |	10681828
                        Uniquely mapped reads % |	60.49%
                          Average mapped length |	286.73
                       Number of splices: Total |	6685076
            Number of splices: Annotated (sjdb) |	6562792
                       Number of splices: GT/AG |	6572302
                       Number of splices: GC/AG |	51774
                       Number of splices: AT/AC |	7112
               Number of splices: Non-canonical |	53888
                      Mismatch rate per base, % |	0.52%
                         Deletion rate per base |	0.02%
                        Deletion average length |	1.92
                        Insertion rate per base |	0.03%
                       Insertion average length |	2.35
                             MULTI-MAPPING READS:
        Number of reads mapped to multiple loci |	930872
             % of reads mapped to multiple loci |	5.27%
        Number of reads mapped to too many loci |	20246
             % of reads mapped to too many loci |	0.11%
                                  UNMAPPED READS:
  Number of reads unmapped: too many mismatches |	0
       % of reads unmapped: too many mismatches |	0.00%
            Number of reads unmapped: too short |	6001979
                 % of reads unmapped: too short |	33.99%
                Number of reads unmapped: other |	23060
                     % of reads unmapped: other |	0.13%
                                  CHIMERIC READS:
                       Number of chimeric reads |	0
                            % of chimeric reads |	0.00%
