                                 Started job on |	Dec 14 21:05:11
                             Started mapping on |	Dec 14 21:08:29
                                    Finished on |	Dec 14 21:16:40
       Mapping speed, Million of reads per hour |	119.62

                          Number of input reads |	16314363
                      Average input read length |	300
                                    UNIQUE READS:
                   Uniquely mapped reads number |	9978193
                        Uniquely mapped reads % |	61.16%
                          Average mapped length |	287.01
                       Number of splices: Total |	6025049
            Number of splices: Annotated (sjdb) |	5915241
                       Number of splices: GT/AG |	5924552
                       Number of splices: GC/AG |	46026
                       Number of splices: AT/AC |	6551
               Number of splices: Non-canonical |	47920
                      Mismatch rate per base, % |	0.71%
                         Deletion rate per base |	0.02%
                        Deletion average length |	1.85
                        Insertion rate per base |	0.03%
                       Insertion average length |	2.26
                             MULTI-MAPPING READS:
        Number of reads mapped to multiple loci |	826101
             % of reads mapped to multiple loci |	5.06%
        Number of reads mapped to too many loci |	17113
             % of reads mapped to too many loci |	0.10%
                                  UNMAPPED READS:
  Number of reads unmapped: too many mismatches |	0
       % of reads unmapped: too many mismatches |	0.00%
            Number of reads unmapped: too short |	5471806
                 % of reads unmapped: too short |	33.54%
                Number of reads unmapped: other |	21150
                     % of reads unmapped: other |	0.13%
                                  CHIMERIC READS:
                       Number of chimeric reads |	0
                            % of chimeric reads |	0.00%
