                                 Started job on |	Dec 14 22:24:33
                             Started mapping on |	Dec 14 22:28:38
                                    Finished on |	Dec 14 22:32:52
       Mapping speed, Million of reads per hour |	96.01

                          Number of input reads |	6773876
                      Average input read length |	300
                                    UNIQUE READS:
                   Uniquely mapped reads number |	3704908
                        Uniquely mapped reads % |	54.69%
                          Average mapped length |	284.53
                       Number of splices: Total |	2314167
            Number of splices: Annotated (sjdb) |	2272826
                       Number of splices: GT/AG |	2275435
                       Number of splices: GC/AG |	18113
                       Number of splices: AT/AC |	2539
               Number of splices: Non-canonical |	18080
                      Mismatch rate per base, % |	0.65%
                         Deletion rate per base |	0.02%
                        Deletion average length |	1.91
                        Insertion rate per base |	0.02%
                       Insertion average length |	2.12
                             MULTI-MAPPING READS:
        Number of reads mapped to multiple loci |	323889
             % of reads mapped to multiple loci |	4.78%
        Number of reads mapped to too many loci |	7020
             % of reads mapped to too many loci |	0.10%
                                  UNMAPPED READS:
  Number of reads unmapped: too many mismatches |	0
       % of reads unmapped: too many mismatches |	0.00%
            Number of reads unmapped: too short |	2730764
                 % of reads unmapped: too short |	40.31%
                Number of reads unmapped: other |	7295
                     % of reads unmapped: other |	0.11%
                                  CHIMERIC READS:
                       Number of chimeric reads |	0
                            % of chimeric reads |	0.00%
