                                 Started job on |	Dec 14 21:35:28
                             Started mapping on |	Dec 14 21:39:32
                                    Finished on |	Dec 14 21:46:42
       Mapping speed, Million of reads per hour |	125.03

                          Number of input reads |	14934446
                      Average input read length |	300
                                    UNIQUE READS:
                   Uniquely mapped reads number |	8630994
                        Uniquely mapped reads % |	57.79%
                          Average mapped length |	285.14
                       Number of splices: Total |	5217937
            Number of splices: Annotated (sjdb) |	5121710
                       Number of splices: GT/AG |	5129989
                       Number of splices: GC/AG |	41333
                       Number of splices: AT/AC |	5552
               Number of splices: Non-canonical |	41063
                      Mismatch rate per base, % |	0.49%
                         Deletion rate per base |	0.02%
                        Deletion average length |	1.86
                        Insertion rate per base |	0.03%
                       Insertion average length |	2.11
                             MULTI-MAPPING READS:
        Number of reads mapped to multiple loci |	672134
             % of reads mapped to multiple loci |	4.50%
        Number of reads mapped to too many loci |	18495
             % of reads mapped to too many loci |	0.12%
                                  UNMAPPED READS:
  Number of reads unmapped: too many mismatches |	0
       % of reads unmapped: too many mismatches |	0.00%
            Number of reads unmapped: too short |	5591874
                 % of reads unmapped: too short |	37.44%
                Number of reads unmapped: other |	20949
                     % of reads unmapped: other |	0.14%
                                  CHIMERIC READS:
                       Number of chimeric reads |	0
                            % of chimeric reads |	0.00%
