                                 Started job on |	Dec 14 19:32:15
                             Started mapping on |	Dec 14 19:36:19
                                    Finished on |	Dec 14 19:51:05
       Mapping speed, Million of reads per hour |	118.21

                          Number of input reads |	29093962
                      Average input read length |	300
                                    UNIQUE READS:
                   Uniquely mapped reads number |	19063680
                        Uniquely mapped reads % |	65.52%
                          Average mapped length |	290.41
                       Number of splices: Total |	12132843
            Number of splices: Annotated (sjdb) |	11898176
                       Number of splices: GT/AG |	11928648
                       Number of splices: GC/AG |	94555
                       Number of splices: AT/AC |	12982
               Number of splices: Non-canonical |	96658
                      Mismatch rate per base, % |	0.50%
                         Deletion rate per base |	0.02%
                        Deletion average length |	2.08
                        Insertion rate per base |	0.02%
                       Insertion average length |	1.71
                             MULTI-MAPPING READS:
        Number of reads mapped to multiple loci |	973458
             % of reads mapped to multiple loci |	3.35%
        Number of reads mapped to too many loci |	43034
             % of reads mapped to too many loci |	0.15%
                                  UNMAPPED READS:
  Number of reads unmapped: too many mismatches |	0
       % of reads unmapped: too many mismatches |	0.00%
            Number of reads unmapped: too short |	8927499
                 % of reads unmapped: too short |	30.69%
                Number of reads unmapped: other |	86291
                     % of reads unmapped: other |	0.30%
                                  CHIMERIC READS:
                       Number of chimeric reads |	0
                            % of chimeric reads |	0.00%
