                                 Started job on |	Dec 14 14:55:03
                             Started mapping on |	Dec 14 14:59:19
                                    Finished on |	Dec 14 15:08:26
       Mapping speed, Million of reads per hour |	126.83

                          Number of input reads |	19271157
                      Average input read length |	300
                                    UNIQUE READS:
                   Uniquely mapped reads number |	12917730
                        Uniquely mapped reads % |	67.03%
                          Average mapped length |	289.74
                       Number of splices: Total |	8318875
            Number of splices: Annotated (sjdb) |	8158812
                       Number of splices: GT/AG |	8178878
                       Number of splices: GC/AG |	64993
                       Number of splices: AT/AC |	8644
               Number of splices: Non-canonical |	66360
                      Mismatch rate per base, % |	0.43%
                         Deletion rate per base |	0.02%
                        Deletion average length |	1.95
                        Insertion rate per base |	0.02%
                       Insertion average length |	1.73
                             MULTI-MAPPING READS:
        Number of reads mapped to multiple loci |	577417
             % of reads mapped to multiple loci |	3.00%
        Number of reads mapped to too many loci |	35903
             % of reads mapped to too many loci |	0.19%
                                  UNMAPPED READS:
  Number of reads unmapped: too many mismatches |	0
       % of reads unmapped: too many mismatches |	0.00%
            Number of reads unmapped: too short |	5675199
                 % of reads unmapped: too short |	29.45%
                Number of reads unmapped: other |	64908
                     % of reads unmapped: other |	0.34%
                                  CHIMERIC READS:
                       Number of chimeric reads |	0
                            % of chimeric reads |	0.00%
