                                 Started job on |	Nov 26 04:19:05
                             Started mapping on |	Nov 26 04:22:31
                                    Finished on |	Nov 26 04:28:08
       Mapping speed, Million of reads per hour |	154.56

                          Number of input reads |	14468906
                      Average input read length |	300
                                    UNIQUE READS:
                   Uniquely mapped reads number |	10001693
                        Uniquely mapped reads % |	69.13%
                          Average mapped length |	291.00
                       Number of splices: Total |	6695084
            Number of splices: Annotated (sjdb) |	6571005
                       Number of splices: GT/AG |	6584206
                       Number of splices: GC/AG |	52273
                       Number of splices: AT/AC |	7468
               Number of splices: Non-canonical |	51137
                      Mismatch rate per base, % |	0.56%
                         Deletion rate per base |	0.02%
                        Deletion average length |	2.14
                        Insertion rate per base |	0.02%
                       Insertion average length |	1.73
                             MULTI-MAPPING READS:
        Number of reads mapped to multiple loci |	496244
             % of reads mapped to multiple loci |	3.43%
        Number of reads mapped to too many loci |	18376
             % of reads mapped to too many loci |	0.13%
                                  UNMAPPED READS:
  Number of reads unmapped: too many mismatches |	0
       % of reads unmapped: too many mismatches |	0.00%
            Number of reads unmapped: too short |	3922878
                 % of reads unmapped: too short |	27.11%
                Number of reads unmapped: other |	29715
                     % of reads unmapped: other |	0.21%
                                  CHIMERIC READS:
                       Number of chimeric reads |	0
                            % of chimeric reads |	0.00%
