                                 Started job on |	Dec 14 20:03:56
                             Started mapping on |	Dec 14 20:07:56
                                    Finished on |	Dec 14 20:16:03
       Mapping speed, Million of reads per hour |	118.25

                          Number of input reads |	15996766
                      Average input read length |	300
                                    UNIQUE READS:
                   Uniquely mapped reads number |	11538681
                        Uniquely mapped reads % |	72.13%
                          Average mapped length |	292.39
                       Number of splices: Total |	7707827
            Number of splices: Annotated (sjdb) |	7563079
                       Number of splices: GT/AG |	7579592
                       Number of splices: GC/AG |	60954
                       Number of splices: AT/AC |	8303
               Number of splices: Non-canonical |	58978
                      Mismatch rate per base, % |	0.44%
                         Deletion rate per base |	0.02%
                        Deletion average length |	2.05
                        Insertion rate per base |	0.02%
                       Insertion average length |	1.72
                             MULTI-MAPPING READS:
        Number of reads mapped to multiple loci |	498195
             % of reads mapped to multiple loci |	3.11%
        Number of reads mapped to too many loci |	20683
             % of reads mapped to too many loci |	0.13%
                                  UNMAPPED READS:
  Number of reads unmapped: too many mismatches |	0
       % of reads unmapped: too many mismatches |	0.00%
            Number of reads unmapped: too short |	3908558
                 % of reads unmapped: too short |	24.43%
                Number of reads unmapped: other |	30649
                     % of reads unmapped: other |	0.19%
                                  CHIMERIC READS:
                       Number of chimeric reads |	0
                            % of chimeric reads |	0.00%
