                                 Started job on |	Dec 14 19:03:21
                             Started mapping on |	Dec 14 19:07:28
                                    Finished on |	Dec 14 19:22:55
       Mapping speed, Million of reads per hour |	110.78

                          Number of input reads |	28526897
                      Average input read length |	300
                                    UNIQUE READS:
                   Uniquely mapped reads number |	19491316
                        Uniquely mapped reads % |	68.33%
                          Average mapped length |	291.22
                       Number of splices: Total |	12663089
            Number of splices: Annotated (sjdb) |	12415246
                       Number of splices: GT/AG |	12447814
                       Number of splices: GC/AG |	100318
                       Number of splices: AT/AC |	13770
               Number of splices: Non-canonical |	101187
                      Mismatch rate per base, % |	0.43%
                         Deletion rate per base |	0.02%
                        Deletion average length |	2.12
                        Insertion rate per base |	0.02%
                       Insertion average length |	1.73
                             MULTI-MAPPING READS:
        Number of reads mapped to multiple loci |	972912
             % of reads mapped to multiple loci |	3.41%
        Number of reads mapped to too many loci |	42927
             % of reads mapped to too many loci |	0.15%
                                  UNMAPPED READS:
  Number of reads unmapped: too many mismatches |	0
       % of reads unmapped: too many mismatches |	0.00%
            Number of reads unmapped: too short |	7933803
                 % of reads unmapped: too short |	27.81%
                Number of reads unmapped: other |	85939
                     % of reads unmapped: other |	0.30%
                                  CHIMERIC READS:
                       Number of chimeric reads |	0
                            % of chimeric reads |	0.00%
