                                 Started job on |	Dec 14 18:51:34
                             Started mapping on |	Dec 14 18:54:50
                                    Finished on |	Dec 14 19:03:10
       Mapping speed, Million of reads per hour |	178.48

                          Number of input reads |	24789327
                      Average input read length |	300
                                    UNIQUE READS:
                   Uniquely mapped reads number |	17299626
                        Uniquely mapped reads % |	69.79%
                          Average mapped length |	291.65
                       Number of splices: Total |	11119912
            Number of splices: Annotated (sjdb) |	10912791
                       Number of splices: GT/AG |	10933355
                       Number of splices: GC/AG |	88066
                       Number of splices: AT/AC |	11908
               Number of splices: Non-canonical |	86583
                      Mismatch rate per base, % |	0.42%
                         Deletion rate per base |	0.02%
                        Deletion average length |	2.16
                        Insertion rate per base |	0.02%
                       Insertion average length |	1.66
                             MULTI-MAPPING READS:
        Number of reads mapped to multiple loci |	842746
             % of reads mapped to multiple loci |	3.40%
        Number of reads mapped to too many loci |	30221
             % of reads mapped to too many loci |	0.12%
                                  UNMAPPED READS:
  Number of reads unmapped: too many mismatches |	0
       % of reads unmapped: too many mismatches |	0.00%
            Number of reads unmapped: too short |	6571264
                 % of reads unmapped: too short |	26.51%
                Number of reads unmapped: other |	45470
                     % of reads unmapped: other |	0.18%
                                  CHIMERIC READS:
                       Number of chimeric reads |	0
                            % of chimeric reads |	0.00%
