                                 Started job on |	Dec 14 15:21:20
                             Started mapping on |	Dec 14 15:25:35
                                    Finished on |	Dec 14 15:33:10
       Mapping speed, Million of reads per hour |	121.97

                          Number of input reads |	15415235
                      Average input read length |	300
                                    UNIQUE READS:
                   Uniquely mapped reads number |	9844987
                        Uniquely mapped reads % |	63.87%
                          Average mapped length |	288.95
                       Number of splices: Total |	6770846
            Number of splices: Annotated (sjdb) |	6650346
                       Number of splices: GT/AG |	6662292
                       Number of splices: GC/AG |	53215
                       Number of splices: AT/AC |	7138
               Number of splices: Non-canonical |	48201
                      Mismatch rate per base, % |	0.45%
                         Deletion rate per base |	0.02%
                        Deletion average length |	2.06
                        Insertion rate per base |	0.02%
                       Insertion average length |	1.83
                             MULTI-MAPPING READS:
        Number of reads mapped to multiple loci |	432440
             % of reads mapped to multiple loci |	2.81%
        Number of reads mapped to too many loci |	21464
             % of reads mapped to too many loci |	0.14%
                                  UNMAPPED READS:
  Number of reads unmapped: too many mismatches |	0
       % of reads unmapped: too many mismatches |	0.00%
            Number of reads unmapped: too short |	5080710
                 % of reads unmapped: too short |	32.96%
                Number of reads unmapped: other |	35634
                     % of reads unmapped: other |	0.23%
                                  CHIMERIC READS:
                       Number of chimeric reads |	0
                            % of chimeric reads |	0.00%
