                                 Started job on |	Dec 14 14:39:49
                             Started mapping on |	Dec 14 14:43:42
                                    Finished on |	Dec 14 14:54:44
       Mapping speed, Million of reads per hour |	128.17

                          Number of input reads |	23569936
                      Average input read length |	300
                                    UNIQUE READS:
                   Uniquely mapped reads number |	16057350
                        Uniquely mapped reads % |	68.13%
                          Average mapped length |	290.61
                       Number of splices: Total |	10269474
            Number of splices: Annotated (sjdb) |	10065024
                       Number of splices: GT/AG |	10084247
                       Number of splices: GC/AG |	83150
                       Number of splices: AT/AC |	11288
               Number of splices: Non-canonical |	90789
                      Mismatch rate per base, % |	0.50%
                         Deletion rate per base |	0.02%
                        Deletion average length |	1.86
                        Insertion rate per base |	0.02%
                       Insertion average length |	1.81
                             MULTI-MAPPING READS:
        Number of reads mapped to multiple loci |	654954
             % of reads mapped to multiple loci |	2.78%
        Number of reads mapped to too many loci |	26427
             % of reads mapped to too many loci |	0.11%
                                  UNMAPPED READS:
  Number of reads unmapped: too many mismatches |	0
       % of reads unmapped: too many mismatches |	0.00%
            Number of reads unmapped: too short |	6793577
                 % of reads unmapped: too short |	28.82%
                Number of reads unmapped: other |	37628
                     % of reads unmapped: other |	0.16%
                                  CHIMERIC READS:
                       Number of chimeric reads |	0
                            % of chimeric reads |	0.00%
