                                 Started job on |	Dec 14 15:08:44
                             Started mapping on |	Dec 14 15:12:44
                                    Finished on |	Dec 14 15:21:03
       Mapping speed, Million of reads per hour |	117.66

                          Number of input reads |	16308393
                      Average input read length |	300
                                    UNIQUE READS:
                   Uniquely mapped reads number |	10007655
                        Uniquely mapped reads % |	61.37%
                          Average mapped length |	288.22
                       Number of splices: Total |	6326774
            Number of splices: Annotated (sjdb) |	6203816
                       Number of splices: GT/AG |	6219307
                       Number of splices: GC/AG |	49949
                       Number of splices: AT/AC |	6723
               Number of splices: Non-canonical |	50795
                      Mismatch rate per base, % |	0.45%
                         Deletion rate per base |	0.02%
                        Deletion average length |	2.03
                        Insertion rate per base |	0.02%
                       Insertion average length |	1.73
                             MULTI-MAPPING READS:
        Number of reads mapped to multiple loci |	502586
             % of reads mapped to multiple loci |	3.08%
        Number of reads mapped to too many loci |	23906
             % of reads mapped to too many loci |	0.15%
                                  UNMAPPED READS:
  Number of reads unmapped: too many mismatches |	0
       % of reads unmapped: too many mismatches |	0.00%
            Number of reads unmapped: too short |	5739782
                 % of reads unmapped: too short |	35.20%
                Number of reads unmapped: other |	34464
                     % of reads unmapped: other |	0.21%
                                  CHIMERIC READS:
                       Number of chimeric reads |	0
                            % of chimeric reads |	0.00%
