                                 Started job on |	Dec 14 15:33:35
                             Started mapping on |	Dec 14 15:37:32
                                    Finished on |	Dec 14 15:48:48
       Mapping speed, Million of reads per hour |	130.72

                          Number of input reads |	24547153
                      Average input read length |	300
                                    UNIQUE READS:
                   Uniquely mapped reads number |	17196537
                        Uniquely mapped reads % |	70.06%
                          Average mapped length |	291.37
                       Number of splices: Total |	11284341
            Number of splices: Annotated (sjdb) |	11077859
                       Number of splices: GT/AG |	11096473
                       Number of splices: GC/AG |	89961
                       Number of splices: AT/AC |	12036
               Number of splices: Non-canonical |	85871
                      Mismatch rate per base, % |	0.49%
                         Deletion rate per base |	0.02%
                        Deletion average length |	2.08
                        Insertion rate per base |	0.02%
                       Insertion average length |	1.74
                             MULTI-MAPPING READS:
        Number of reads mapped to multiple loci |	763755
             % of reads mapped to multiple loci |	3.11%
        Number of reads mapped to too many loci |	33099
             % of reads mapped to too many loci |	0.13%
                                  UNMAPPED READS:
  Number of reads unmapped: too many mismatches |	0
       % of reads unmapped: too many mismatches |	0.00%
            Number of reads unmapped: too short |	6507119
                 % of reads unmapped: too short |	26.51%
                Number of reads unmapped: other |	46643
                     % of reads unmapped: other |	0.19%
                                  CHIMERIC READS:
                       Number of chimeric reads |	0
                            % of chimeric reads |	0.00%
