                                 Started job on |	Nov 26 18:21:36
                             Started mapping on |	Nov 26 18:25:29
                                    Finished on |	Nov 26 18:29:55
       Mapping speed, Million of reads per hour |	111.61

                          Number of input reads |	8246451
                      Average input read length |	300
                                    UNIQUE READS:
                   Uniquely mapped reads number |	5133378
                        Uniquely mapped reads % |	62.25%
                          Average mapped length |	287.17
                       Number of splices: Total |	3167359
            Number of splices: Annotated (sjdb) |	3109797
                       Number of splices: GT/AG |	3114550
                       Number of splices: GC/AG |	24863
                       Number of splices: AT/AC |	3246
               Number of splices: Non-canonical |	24700
                      Mismatch rate per base, % |	0.65%
                         Deletion rate per base |	0.02%
                        Deletion average length |	1.87
                        Insertion rate per base |	0.02%
                       Insertion average length |	2.05
                             MULTI-MAPPING READS:
        Number of reads mapped to multiple loci |	380289
             % of reads mapped to multiple loci |	4.61%
        Number of reads mapped to too many loci |	9295
             % of reads mapped to too many loci |	0.11%
                                  UNMAPPED READS:
  Number of reads unmapped: too many mismatches |	0
       % of reads unmapped: too many mismatches |	0.00%
            Number of reads unmapped: too short |	2713078
                 % of reads unmapped: too short |	32.90%
                Number of reads unmapped: other |	10411
                     % of reads unmapped: other |	0.13%
                                  CHIMERIC READS:
                       Number of chimeric reads |	0
                            % of chimeric reads |	0.00%
