                                 Started job on |	Dec 17 04:28:08
                             Started mapping on |	Dec 17 04:32:20
                                    Finished on |	Dec 17 04:38:17
       Mapping speed, Million of reads per hour |	148.88

                          Number of input reads |	14763514
                      Average input read length |	264
                                    UNIQUE READS:
                   Uniquely mapped reads number |	11685002
                        Uniquely mapped reads % |	79.15%
                          Average mapped length |	265.24
                       Number of splices: Total |	6548530
            Number of splices: Annotated (sjdb) |	6422033
                       Number of splices: GT/AG |	6434673
                       Number of splices: GC/AG |	50318
                       Number of splices: AT/AC |	7071
               Number of splices: Non-canonical |	56468
                      Mismatch rate per base, % |	0.69%
                         Deletion rate per base |	0.02%
                        Deletion average length |	1.85
                        Insertion rate per base |	0.03%
                       Insertion average length |	2.07
                             MULTI-MAPPING READS:
        Number of reads mapped to multiple loci |	1107790
             % of reads mapped to multiple loci |	7.50%
        Number of reads mapped to too many loci |	29533
             % of reads mapped to too many loci |	0.20%
                                  UNMAPPED READS:
  Number of reads unmapped: too many mismatches |	0
       % of reads unmapped: too many mismatches |	0.00%
            Number of reads unmapped: too short |	1908891
                 % of reads unmapped: too short |	12.93%
                Number of reads unmapped: other |	32298
                     % of reads unmapped: other |	0.22%
                                  CHIMERIC READS:
                       Number of chimeric reads |	0
                            % of chimeric reads |	0.00%
