                                 Started job on |	Dec 17 05:23:12
                             Started mapping on |	Dec 17 05:27:08
                                    Finished on |	Dec 17 05:29:44
       Mapping speed, Million of reads per hour |	175.00

                          Number of input reads |	7583495
                      Average input read length |	264
                                    UNIQUE READS:
                   Uniquely mapped reads number |	6195980
                        Uniquely mapped reads % |	81.70%
                          Average mapped length |	264.26
                       Number of splices: Total |	3507314
            Number of splices: Annotated (sjdb) |	3439531
                       Number of splices: GT/AG |	3446071
                       Number of splices: GC/AG |	27685
                       Number of splices: AT/AC |	3669
               Number of splices: Non-canonical |	29889
                      Mismatch rate per base, % |	0.63%
                         Deletion rate per base |	0.02%
                        Deletion average length |	1.87
                        Insertion rate per base |	0.02%
                       Insertion average length |	1.92
                             MULTI-MAPPING READS:
        Number of reads mapped to multiple loci |	536398
             % of reads mapped to multiple loci |	7.07%
        Number of reads mapped to too many loci |	16119
             % of reads mapped to too many loci |	0.21%
                                  UNMAPPED READS:
  Number of reads unmapped: too many mismatches |	0
       % of reads unmapped: too many mismatches |	0.00%
            Number of reads unmapped: too short |	817930
                 % of reads unmapped: too short |	10.79%
                Number of reads unmapped: other |	17068
                     % of reads unmapped: other |	0.23%
                                  CHIMERIC READS:
                       Number of chimeric reads |	0
                            % of chimeric reads |	0.00%
