                                 Started job on |	Dec 17 03:57:27
                             Started mapping on |	Dec 17 04:01:36
                                    Finished on |	Dec 17 04:07:13
       Mapping speed, Million of reads per hour |	159.61

                          Number of input reads |	14941203
                      Average input read length |	259
                                    UNIQUE READS:
                   Uniquely mapped reads number |	11956761
                        Uniquely mapped reads % |	80.03%
                          Average mapped length |	259.36
                       Number of splices: Total |	6782432
            Number of splices: Annotated (sjdb) |	6647139
                       Number of splices: GT/AG |	6660816
                       Number of splices: GC/AG |	53315
                       Number of splices: AT/AC |	7204
               Number of splices: Non-canonical |	61097
                      Mismatch rate per base, % |	0.51%
                         Deletion rate per base |	0.02%
                        Deletion average length |	1.81
                        Insertion rate per base |	0.02%
                       Insertion average length |	1.94
                             MULTI-MAPPING READS:
        Number of reads mapped to multiple loci |	1123171
             % of reads mapped to multiple loci |	7.52%
        Number of reads mapped to too many loci |	37316
             % of reads mapped to too many loci |	0.25%
                                  UNMAPPED READS:
  Number of reads unmapped: too many mismatches |	0
       % of reads unmapped: too many mismatches |	0.00%
            Number of reads unmapped: too short |	1780765
                 % of reads unmapped: too short |	11.92%
                Number of reads unmapped: other |	43190
                     % of reads unmapped: other |	0.29%
                                  CHIMERIC READS:
                       Number of chimeric reads |	0
                            % of chimeric reads |	0.00%
