                                 Started job on |	Dec 17 04:19:11
                             Started mapping on |	Dec 17 04:23:24
                                    Finished on |	Dec 17 04:28:00
       Mapping speed, Million of reads per hour |	178.50

                          Number of input reads |	13685049
                      Average input read length |	259
                                    UNIQUE READS:
                   Uniquely mapped reads number |	10950482
                        Uniquely mapped reads % |	80.02%
                          Average mapped length |	259.89
                       Number of splices: Total |	5974181
            Number of splices: Annotated (sjdb) |	5852504
                       Number of splices: GT/AG |	5865036
                       Number of splices: GC/AG |	47308
                       Number of splices: AT/AC |	6630
               Number of splices: Non-canonical |	55207
                      Mismatch rate per base, % |	0.42%
                         Deletion rate per base |	0.02%
                        Deletion average length |	1.80
                        Insertion rate per base |	0.03%
                       Insertion average length |	1.88
                             MULTI-MAPPING READS:
        Number of reads mapped to multiple loci |	977730
             % of reads mapped to multiple loci |	7.14%
        Number of reads mapped to too many loci |	34604
             % of reads mapped to too many loci |	0.25%
                                  UNMAPPED READS:
  Number of reads unmapped: too many mismatches |	0
       % of reads unmapped: too many mismatches |	0.00%
            Number of reads unmapped: too short |	1676296
                 % of reads unmapped: too short |	12.25%
                Number of reads unmapped: other |	45937
                     % of reads unmapped: other |	0.34%
                                  CHIMERIC READS:
                       Number of chimeric reads |	0
                            % of chimeric reads |	0.00%
