                                 Started job on |	Dec 17 03:38:32
                             Started mapping on |	Dec 17 03:42:58
                                    Finished on |	Dec 17 03:49:06
       Mapping speed, Million of reads per hour |	152.33

                          Number of input reads |	15571608
                      Average input read length |	262
                                    UNIQUE READS:
                   Uniquely mapped reads number |	12326240
                        Uniquely mapped reads % |	79.16%
                          Average mapped length |	262.92
                       Number of splices: Total |	7192465
            Number of splices: Annotated (sjdb) |	7051557
                       Number of splices: GT/AG |	7065330
                       Number of splices: GC/AG |	56252
                       Number of splices: AT/AC |	7631
               Number of splices: Non-canonical |	63252
                      Mismatch rate per base, % |	0.51%
                         Deletion rate per base |	0.02%
                        Deletion average length |	1.90
                        Insertion rate per base |	0.03%
                       Insertion average length |	2.04
                             MULTI-MAPPING READS:
        Number of reads mapped to multiple loci |	1214127
             % of reads mapped to multiple loci |	7.80%
        Number of reads mapped to too many loci |	34101
             % of reads mapped to too many loci |	0.22%
                                  UNMAPPED READS:
  Number of reads unmapped: too many mismatches |	0
       % of reads unmapped: too many mismatches |	0.00%
            Number of reads unmapped: too short |	1961232
                 % of reads unmapped: too short |	12.59%
                Number of reads unmapped: other |	35908
                     % of reads unmapped: other |	0.23%
                                  CHIMERIC READS:
                       Number of chimeric reads |	0
                            % of chimeric reads |	0.00%
