                                 Started job on |	Dec 17 05:29:52
                             Started mapping on |	Dec 17 05:33:43
                                    Finished on |	Dec 17 05:35:57
       Mapping speed, Million of reads per hour |	165.67

                          Number of input reads |	6166607
                      Average input read length |	252
                                    UNIQUE READS:
                   Uniquely mapped reads number |	4841785
                        Uniquely mapped reads % |	78.52%
                          Average mapped length |	252.76
                       Number of splices: Total |	2679227
            Number of splices: Annotated (sjdb) |	2627670
                       Number of splices: GT/AG |	2632052
                       Number of splices: GC/AG |	21081
                       Number of splices: AT/AC |	2792
               Number of splices: Non-canonical |	23302
                      Mismatch rate per base, % |	0.62%
                         Deletion rate per base |	0.02%
                        Deletion average length |	1.91
                        Insertion rate per base |	0.02%
                       Insertion average length |	1.99
                             MULTI-MAPPING READS:
        Number of reads mapped to multiple loci |	525517
             % of reads mapped to multiple loci |	8.52%
        Number of reads mapped to too many loci |	14865
             % of reads mapped to too many loci |	0.24%
                                  UNMAPPED READS:
  Number of reads unmapped: too many mismatches |	0
       % of reads unmapped: too many mismatches |	0.00%
            Number of reads unmapped: too short |	769943
                 % of reads unmapped: too short |	12.49%
                Number of reads unmapped: other |	14497
                     % of reads unmapped: other |	0.24%
                                  CHIMERIC READS:
                       Number of chimeric reads |	0
                            % of chimeric reads |	0.00%
