                                 Started job on |	Dec 17 04:55:02
                             Started mapping on |	Dec 17 04:59:13
                                    Finished on |	Dec 17 05:02:40
       Mapping speed, Million of reads per hour |	156.65

                          Number of input reads |	9007198
                      Average input read length |	265
                                    UNIQUE READS:
                   Uniquely mapped reads number |	7314861
                        Uniquely mapped reads % |	81.21%
                          Average mapped length |	264.84
                       Number of splices: Total |	4188996
            Number of splices: Annotated (sjdb) |	4110557
                       Number of splices: GT/AG |	4118481
                       Number of splices: GC/AG |	32109
                       Number of splices: AT/AC |	4502
               Number of splices: Non-canonical |	33904
                      Mismatch rate per base, % |	0.64%
                         Deletion rate per base |	0.02%
                        Deletion average length |	1.88
                        Insertion rate per base |	0.02%
                       Insertion average length |	2.02
                             MULTI-MAPPING READS:
        Number of reads mapped to multiple loci |	642385
             % of reads mapped to multiple loci |	7.13%
        Number of reads mapped to too many loci |	18363
             % of reads mapped to too many loci |	0.20%
                                  UNMAPPED READS:
  Number of reads unmapped: too many mismatches |	0
       % of reads unmapped: too many mismatches |	0.00%
            Number of reads unmapped: too short |	1012838
                 % of reads unmapped: too short |	11.24%
                Number of reads unmapped: other |	18751
                     % of reads unmapped: other |	0.21%
                                  CHIMERIC READS:
                       Number of chimeric reads |	0
                            % of chimeric reads |	0.00%
