                                 Started job on |	Dec 17 04:07:21
                             Started mapping on |	Dec 17 04:11:12
                                    Finished on |	Dec 17 04:19:02
       Mapping speed, Million of reads per hour |	182.37

                          Number of input reads |	23809050
                      Average input read length |	256
                                    UNIQUE READS:
                   Uniquely mapped reads number |	19002237
                        Uniquely mapped reads % |	79.81%
                          Average mapped length |	256.35
                       Number of splices: Total |	10636864
            Number of splices: Annotated (sjdb) |	10429478
                       Number of splices: GT/AG |	10451772
                       Number of splices: GC/AG |	81953
                       Number of splices: AT/AC |	10996
               Number of splices: Non-canonical |	92143
                      Mismatch rate per base, % |	0.60%
                         Deletion rate per base |	0.02%
                        Deletion average length |	1.92
                        Insertion rate per base |	0.03%
                       Insertion average length |	1.96
                             MULTI-MAPPING READS:
        Number of reads mapped to multiple loci |	1872603
             % of reads mapped to multiple loci |	7.87%
        Number of reads mapped to too many loci |	53572
             % of reads mapped to too many loci |	0.23%
                                  UNMAPPED READS:
  Number of reads unmapped: too many mismatches |	0
       % of reads unmapped: too many mismatches |	0.00%
            Number of reads unmapped: too short |	2823568
                 % of reads unmapped: too short |	11.86%
                Number of reads unmapped: other |	57070
                     % of reads unmapped: other |	0.24%
                                  CHIMERIC READS:
                       Number of chimeric reads |	0
                            % of chimeric reads |	0.00%
