                                 Started job on |	Dec 17 04:38:27
                             Started mapping on |	Dec 17 04:42:29
                                    Finished on |	Dec 17 04:47:53
       Mapping speed, Million of reads per hour |	173.08

                          Number of input reads |	15577230
                      Average input read length |	262
                                    UNIQUE READS:
                   Uniquely mapped reads number |	12032397
                        Uniquely mapped reads % |	77.24%
                          Average mapped length |	263.94
                       Number of splices: Total |	6853291
            Number of splices: Annotated (sjdb) |	6716404
                       Number of splices: GT/AG |	6731364
                       Number of splices: GC/AG |	52971
                       Number of splices: AT/AC |	7325
               Number of splices: Non-canonical |	61631
                      Mismatch rate per base, % |	0.54%
                         Deletion rate per base |	0.02%
                        Deletion average length |	1.95
                        Insertion rate per base |	0.03%
                       Insertion average length |	2.10
                             MULTI-MAPPING READS:
        Number of reads mapped to multiple loci |	1230159
             % of reads mapped to multiple loci |	7.90%
        Number of reads mapped to too many loci |	33235
             % of reads mapped to too many loci |	0.21%
                                  UNMAPPED READS:
  Number of reads unmapped: too many mismatches |	0
       % of reads unmapped: too many mismatches |	0.00%
            Number of reads unmapped: too short |	2246966
                 % of reads unmapped: too short |	14.42%
                Number of reads unmapped: other |	34473
                     % of reads unmapped: other |	0.22%
                                  CHIMERIC READS:
                       Number of chimeric reads |	0
                            % of chimeric reads |	0.00%
