                                 Started job on |	Nov 26 11:30:37
                             Started mapping on |	Nov 26 11:34:02
                                    Finished on |	Nov 26 11:42:25
       Mapping speed, Million of reads per hour |	126.96

                          Number of input reads |	17739464
                      Average input read length |	300
                                    UNIQUE READS:
                   Uniquely mapped reads number |	10511376
                        Uniquely mapped reads % |	59.25%
                          Average mapped length |	286.38
                       Number of splices: Total |	6364482
            Number of splices: Annotated (sjdb) |	6246336
                       Number of splices: GT/AG |	6256616
                       Number of splices: GC/AG |	48790
                       Number of splices: AT/AC |	6878
               Number of splices: Non-canonical |	52198
                      Mismatch rate per base, % |	0.54%
                         Deletion rate per base |	0.02%
                        Deletion average length |	1.96
                        Insertion rate per base |	0.03%
                       Insertion average length |	2.41
                             MULTI-MAPPING READS:
        Number of reads mapped to multiple loci |	953611
             % of reads mapped to multiple loci |	5.38%
        Number of reads mapped to too many loci |	20394
             % of reads mapped to too many loci |	0.11%
                                  UNMAPPED READS:
  Number of reads unmapped: too many mismatches |	0
       % of reads unmapped: too many mismatches |	0.00%
            Number of reads unmapped: too short |	6231563
                 % of reads unmapped: too short |	35.13%
                Number of reads unmapped: other |	22520
                     % of reads unmapped: other |	0.13%
                                  CHIMERIC READS:
                       Number of chimeric reads |	0
                            % of chimeric reads |	0.00%
