                                 Started job on |	Nov 26 11:02:20
                             Started mapping on |	Nov 26 11:06:48
                                    Finished on |	Nov 26 11:15:59
       Mapping speed, Million of reads per hour |	102.16

                          Number of input reads |	15636815
                      Average input read length |	300
                                    UNIQUE READS:
                   Uniquely mapped reads number |	9220232
                        Uniquely mapped reads % |	58.96%
                          Average mapped length |	285.86
                       Number of splices: Total |	5475174
            Number of splices: Annotated (sjdb) |	5372656
                       Number of splices: GT/AG |	5380733
                       Number of splices: GC/AG |	43015
                       Number of splices: AT/AC |	6089
               Number of splices: Non-canonical |	45337
                      Mismatch rate per base, % |	0.43%
                         Deletion rate per base |	0.02%
                        Deletion average length |	1.82
                        Insertion rate per base |	0.03%
                       Insertion average length |	2.11
                             MULTI-MAPPING READS:
        Number of reads mapped to multiple loci |	744741
             % of reads mapped to multiple loci |	4.76%
        Number of reads mapped to too many loci |	21145
             % of reads mapped to too many loci |	0.14%
                                  UNMAPPED READS:
  Number of reads unmapped: too many mismatches |	0
       % of reads unmapped: too many mismatches |	0.00%
            Number of reads unmapped: too short |	5621853
                 % of reads unmapped: too short |	35.95%
                Number of reads unmapped: other |	28844
                     % of reads unmapped: other |	0.18%
                                  CHIMERIC READS:
                       Number of chimeric reads |	0
                            % of chimeric reads |	0.00%
