                                 Started job on |	Nov 26 10:34:21
                             Started mapping on |	Nov 26 10:37:47
                                    Finished on |	Nov 26 10:45:54
       Mapping speed, Million of reads per hour |	125.60

                          Number of input reads |	16990504
                      Average input read length |	300
                                    UNIQUE READS:
                   Uniquely mapped reads number |	9962859
                        Uniquely mapped reads % |	58.64%
                          Average mapped length |	285.61
                       Number of splices: Total |	6183815
            Number of splices: Annotated (sjdb) |	6070175
                       Number of splices: GT/AG |	6078767
                       Number of splices: GC/AG |	48131
                       Number of splices: AT/AC |	6616
               Number of splices: Non-canonical |	50301
                      Mismatch rate per base, % |	0.52%
                         Deletion rate per base |	0.02%
                        Deletion average length |	1.82
                        Insertion rate per base |	0.03%
                       Insertion average length |	2.18
                             MULTI-MAPPING READS:
        Number of reads mapped to multiple loci |	827553
             % of reads mapped to multiple loci |	4.87%
        Number of reads mapped to too many loci |	21635
             % of reads mapped to too many loci |	0.13%
                                  UNMAPPED READS:
  Number of reads unmapped: too many mismatches |	0
       % of reads unmapped: too many mismatches |	0.00%
            Number of reads unmapped: too short |	6151351
                 % of reads unmapped: too short |	36.20%
                Number of reads unmapped: other |	27106
                     % of reads unmapped: other |	0.16%
                                  CHIMERIC READS:
                       Number of chimeric reads |	0
                            % of chimeric reads |	0.00%
